2025-04-14 21:49:35.763 [main] INFO  c.e.g.GuowangWaveformAnalysisApplication-Starting GuowangWaveformAnalysisApplication using Java 17.0.13 with PID 37696 (C:\Users\26354\IdeaProjects\guowang-waveform-analysis\target\classes started by 26354 in C:\Users\26354\IdeaProjects\guowang-waveform-analysis)
2025-04-14 21:49:35.764 [main] INFO  c.e.g.GuowangWaveformAnalysisApplication-No active profile set, falling back to 1 default profile: "default"
2025-04-14 21:49:36.227 [main] INFO  o.s.boot.web.embedded.tomcat.TomcatWebServer-Tomcat initialized with port(s): 8080 (http)
2025-04-14 21:49:36.233 [main] INFO  org.apache.coyote.http11.Http11NioProtocol-Initializing ProtocolHandler ["http-nio-8080"]
2025-04-14 21:49:36.234 [main] INFO  org.apache.catalina.core.StandardService-Starting service [Tomcat]
2025-04-14 21:49:36.234 [main] INFO  org.apache.catalina.core.StandardEngine-Starting Servlet engine: [Apache Tomcat/10.1.5]
2025-04-14 21:49:36.295 [main] INFO  o.a.c.core.ContainerBase.[Tomcat].[localhost].[/]-Initializing Spring embedded WebApplicationContext
2025-04-14 21:49:36.295 [main] INFO  o.s.b.w.s.c.ServletWebServerApplicationContext-Root WebApplicationContext: initialization completed in 505 ms
2025-04-14 21:49:36.414 [main] INFO  o.s.b.a.web.servlet.WelcomePageHandlerMapping-Adding welcome page: class path resource [static/index.html]
2025-04-14 21:49:36.478 [main] INFO  org.apache.coyote.http11.Http11NioProtocol-Starting ProtocolHandler ["http-nio-8080"]
2025-04-14 21:49:36.491 [main] INFO  o.s.boot.web.embedded.tomcat.TomcatWebServer-Tomcat started on port(s): 8080 (http) with context path ''
2025-04-14 21:49:36.496 [main] INFO  c.e.g.GuowangWaveformAnalysisApplication-Started GuowangWaveformAnalysisApplication in 0.99 seconds (process running for 1.565)
2025-04-14 21:49:51.703 [http-nio-8080-exec-1] INFO  o.a.c.core.ContainerBase.[Tomcat].[localhost].[/]-Initializing Spring DispatcherServlet 'dispatcherServlet'
2025-04-14 21:49:51.703 [http-nio-8080-exec-1] INFO  org.springframework.web.servlet.DispatcherServlet-Initializing Servlet 'dispatcherServlet'
2025-04-14 21:49:51.704 [http-nio-8080-exec-1] INFO  org.springframework.web.servlet.DispatcherServlet-Completed initialization in 0 ms
2025-04-14 21:49:51.741 [http-nio-8080-exec-1] ERROR c.e.g.service.impl.XlsServiceImpl-处理文件时发生异常: java.io.FileNotFoundException: C:\Users\26354\AppData\Local\Temp\tomcat.8080.50688893130036999\work\Tomcat\localhost\ROOT\uploads\院士庭超充站.xls (系统找不到指定的路径。)
java.io.IOException: java.io.FileNotFoundException: C:\Users\26354\AppData\Local\Temp\tomcat.8080.50688893130036999\work\Tomcat\localhost\ROOT\uploads\院士庭超充站.xls (系统找不到指定的路径。)
	at org.apache.catalina.core.ApplicationPart.write(ApplicationPart.java:122)
	at org.springframework.web.multipart.support.StandardMultipartHttpServletRequest$StandardMultipartFile.transferTo(StandardMultipartHttpServletRequest.java:254)
	at com.example.guowangwaveformanalysis.service.impl.XlsServiceImpl.saveUploadedFile(XlsServiceImpl.java:68)
	at com.example.guowangwaveformanalysis.service.impl.XlsServiceImpl.processExcelFile(XlsServiceImpl.java:47)
	at com.example.guowangwaveformanalysis.controller.XlsController.upload(XlsController.java:41)
	at java.base/jdk.internal.reflect.NativeMethodAccessorImpl.invoke0(Native Method)
	at java.base/jdk.internal.reflect.NativeMethodAccessorImpl.invoke(NativeMethodAccessorImpl.java:77)
	at java.base/jdk.internal.reflect.DelegatingMethodAccessorImpl.invoke(DelegatingMethodAccessorImpl.java:43)
	at java.base/java.lang.reflect.Method.invoke(Method.java:569)
	at org.springframework.web.method.support.InvocableHandlerMethod.doInvoke(InvocableHandlerMethod.java:207)
	at org.springframework.web.method.support.InvocableHandlerMethod.invokeForRequest(InvocableHandlerMethod.java:152)
	at org.springframework.web.servlet.mvc.method.annotation.ServletInvocableHandlerMethod.invokeAndHandle(ServletInvocableHandlerMethod.java:117)
	at org.springframework.web.servlet.mvc.method.annotation.RequestMappingHandlerAdapter.invokeHandlerMethod(RequestMappingHandlerAdapter.java:884)
	at org.springframework.web.servlet.mvc.method.annotation.RequestMappingHandlerAdapter.handleInternal(RequestMappingHandlerAdapter.java:797)
	at org.springframework.web.servlet.mvc.method.AbstractHandlerMethodAdapter.handle(AbstractHandlerMethodAdapter.java:87)
	at org.springframework.web.servlet.DispatcherServlet.doDispatch(DispatcherServlet.java:1080)
	at org.springframework.web.servlet.DispatcherServlet.doService(DispatcherServlet.java:973)
	at org.springframework.web.servlet.FrameworkServlet.processRequest(FrameworkServlet.java:1011)
	at org.springframework.web.servlet.FrameworkServlet.doPost(FrameworkServlet.java:914)
	at jakarta.servlet.http.HttpServlet.service(HttpServlet.java:731)
	at org.springframework.web.servlet.FrameworkServlet.service(FrameworkServlet.java:885)
	at jakarta.servlet.http.HttpServlet.service(HttpServlet.java:814)
	at org.apache.catalina.core.ApplicationFilterChain.internalDoFilter(ApplicationFilterChain.java:223)
	at org.apache.catalina.core.ApplicationFilterChain.doFilter(ApplicationFilterChain.java:158)
	at org.apache.tomcat.websocket.server.WsFilter.doFilter(WsFilter.java:53)
	at org.apache.catalina.core.ApplicationFilterChain.internalDoFilter(ApplicationFilterChain.java:185)
	at org.apache.catalina.core.ApplicationFilterChain.doFilter(ApplicationFilterChain.java:158)
	at org.springframework.web.filter.RequestContextFilter.doFilterInternal(RequestContextFilter.java:100)
	at org.springframework.web.filter.OncePerRequestFilter.doFilter(OncePerRequestFilter.java:116)
	at org.apache.catalina.core.ApplicationFilterChain.internalDoFilter(ApplicationFilterChain.java:185)
	at org.apache.catalina.core.ApplicationFilterChain.doFilter(ApplicationFilterChain.java:158)
	at org.springframework.web.filter.FormContentFilter.doFilterInternal(FormContentFilter.java:93)
	at org.springframework.web.filter.OncePerRequestFilter.doFilter(OncePerRequestFilter.java:116)
	at org.apache.catalina.core.ApplicationFilterChain.internalDoFilter(ApplicationFilterChain.java:185)
	at org.apache.catalina.core.ApplicationFilterChain.doFilter(ApplicationFilterChain.java:158)
	at org.springframework.web.filter.CharacterEncodingFilter.doFilterInternal(CharacterEncodingFilter.java:201)
	at org.springframework.web.filter.OncePerRequestFilter.doFilter(OncePerRequestFilter.java:116)
	at org.apache.catalina.core.ApplicationFilterChain.internalDoFilter(ApplicationFilterChain.java:185)
	at org.apache.catalina.core.ApplicationFilterChain.doFilter(ApplicationFilterChain.java:158)
	at org.apache.catalina.core.StandardWrapperValve.invoke(StandardWrapperValve.java:177)
	at org.apache.catalina.core.StandardContextValve.invoke(StandardContextValve.java:97)
	at org.apache.catalina.authenticator.AuthenticatorBase.invoke(AuthenticatorBase.java:542)
	at org.apache.catalina.core.StandardHostValve.invoke(StandardHostValve.java:119)
	at org.apache.catalina.valves.ErrorReportValve.invoke(ErrorReportValve.java:92)
	at org.apache.catalina.core.StandardEngineValve.invoke(StandardEngineValve.java:78)
	at org.apache.catalina.connector.CoyoteAdapter.service(CoyoteAdapter.java:357)
	at org.apache.coyote.http11.Http11Processor.service(Http11Processor.java:400)
	at org.apache.coyote.AbstractProcessorLight.process(AbstractProcessorLight.java:65)
	at org.apache.coyote.AbstractProtocol$ConnectionHandler.process(AbstractProtocol.java:859)
	at org.apache.tomcat.util.net.NioEndpoint$SocketProcessor.doRun(NioEndpoint.java:1734)
	at org.apache.tomcat.util.net.SocketProcessorBase.run(SocketProcessorBase.java:52)
	at org.apache.tomcat.util.threads.ThreadPoolExecutor.runWorker(ThreadPoolExecutor.java:1191)
	at org.apache.tomcat.util.threads.ThreadPoolExecutor$Worker.run(ThreadPoolExecutor.java:659)
	at org.apache.tomcat.util.threads.TaskThread$WrappingRunnable.run(TaskThread.java:61)
	at java.base/java.lang.Thread.run(Thread.java:840)
Caused by: java.io.FileNotFoundException: C:\Users\26354\AppData\Local\Temp\tomcat.8080.50688893130036999\work\Tomcat\localhost\ROOT\uploads\院士庭超充站.xls (系统找不到指定的路径。)
	at java.base/java.io.FileOutputStream.open0(Native Method)
	at java.base/java.io.FileOutputStream.open(FileOutputStream.java:293)
	at java.base/java.io.FileOutputStream.<init>(FileOutputStream.java:235)
	at java.base/java.io.FileOutputStream.<init>(FileOutputStream.java:184)
	at org.apache.tomcat.util.http.fileupload.disk.DiskFileItem.write(DiskFileItem.java:407)
	at org.apache.catalina.core.ApplicationPart.write(ApplicationPart.java:120)
	... 54 common frames omitted
2025-04-14 21:51:29.341 [main] INFO  c.e.g.GuowangWaveformAnalysisApplication-Starting GuowangWaveformAnalysisApplication using Java 17.0.13 with PID 14620 (C:\Users\26354\IdeaProjects\guowang-waveform-analysis\target\classes started by 26354 in C:\Users\26354\IdeaProjects\guowang-waveform-analysis)
2025-04-14 21:51:29.343 [main] INFO  c.e.g.GuowangWaveformAnalysisApplication-No active profile set, falling back to 1 default profile: "default"
2025-04-14 21:51:29.850 [main] INFO  o.s.boot.web.embedded.tomcat.TomcatWebServer-Tomcat initialized with port(s): 8080 (http)
2025-04-14 21:51:29.857 [main] INFO  org.apache.coyote.http11.Http11NioProtocol-Initializing ProtocolHandler ["http-nio-8080"]
2025-04-14 21:51:29.858 [main] INFO  org.apache.catalina.core.StandardService-Starting service [Tomcat]
2025-04-14 21:51:29.858 [main] INFO  org.apache.catalina.core.StandardEngine-Starting Servlet engine: [Apache Tomcat/10.1.5]
2025-04-14 21:51:29.926 [main] INFO  o.a.c.core.ContainerBase.[Tomcat].[localhost].[/]-Initializing Spring embedded WebApplicationContext
2025-04-14 21:51:29.927 [main] INFO  o.s.b.w.s.c.ServletWebServerApplicationContext-Root WebApplicationContext: initialization completed in 557 ms
2025-04-14 21:51:30.045 [main] INFO  o.s.b.a.web.servlet.WelcomePageHandlerMapping-Adding welcome page: class path resource [static/index.html]
2025-04-14 21:51:30.116 [main] INFO  org.apache.coyote.http11.Http11NioProtocol-Starting ProtocolHandler ["http-nio-8080"]
2025-04-14 21:51:30.129 [main] INFO  o.s.boot.web.embedded.tomcat.TomcatWebServer-Tomcat started on port(s): 8080 (http) with context path ''
2025-04-14 21:51:30.136 [main] INFO  c.e.g.GuowangWaveformAnalysisApplication-Started GuowangWaveformAnalysisApplication in 1.068 seconds (process running for 1.64)
2025-04-14 21:51:55.656 [main] INFO  c.e.g.GuowangWaveformAnalysisApplication-Starting GuowangWaveformAnalysisApplication using Java 17.0.13 with PID 4120 (C:\Users\26354\IdeaProjects\guowang-waveform-analysis\target\classes started by 26354 in C:\Users\26354\IdeaProjects\guowang-waveform-analysis)
2025-04-14 21:51:55.658 [main] INFO  c.e.g.GuowangWaveformAnalysisApplication-No active profile set, falling back to 1 default profile: "default"
2025-04-14 21:51:56.166 [main] INFO  o.s.boot.web.embedded.tomcat.TomcatWebServer-Tomcat initialized with port(s): 8080 (http)
2025-04-14 21:51:56.173 [main] INFO  org.apache.coyote.http11.Http11NioProtocol-Initializing ProtocolHandler ["http-nio-8080"]
2025-04-14 21:51:56.173 [main] INFO  org.apache.catalina.core.StandardService-Starting service [Tomcat]
2025-04-14 21:51:56.173 [main] INFO  org.apache.catalina.core.StandardEngine-Starting Servlet engine: [Apache Tomcat/10.1.5]
2025-04-14 21:51:56.231 [main] INFO  o.a.c.core.ContainerBase.[Tomcat].[localhost].[/]-Initializing Spring embedded WebApplicationContext
2025-04-14 21:51:56.232 [main] INFO  o.s.b.w.s.c.ServletWebServerApplicationContext-Root WebApplicationContext: initialization completed in 545 ms
2025-04-14 21:51:56.362 [main] INFO  o.s.b.a.web.servlet.WelcomePageHandlerMapping-Adding welcome page: class path resource [static/index.html]
2025-04-14 21:51:56.432 [main] INFO  org.apache.coyote.http11.Http11NioProtocol-Starting ProtocolHandler ["http-nio-8080"]
2025-04-14 21:51:56.445 [main] INFO  o.s.boot.web.embedded.tomcat.TomcatWebServer-Tomcat started on port(s): 8080 (http) with context path ''
2025-04-14 21:51:56.451 [main] INFO  c.e.g.GuowangWaveformAnalysisApplication-Started GuowangWaveformAnalysisApplication in 1.097 seconds (process running for 1.664)
2025-04-14 21:52:06.266 [http-nio-8080-exec-1] INFO  o.a.c.core.ContainerBase.[Tomcat].[localhost].[/]-Initializing Spring DispatcherServlet 'dispatcherServlet'
2025-04-14 21:52:06.267 [http-nio-8080-exec-1] INFO  org.springframework.web.servlet.DispatcherServlet-Initializing Servlet 'dispatcherServlet'
2025-04-14 21:52:06.268 [http-nio-8080-exec-1] INFO  org.springframework.web.servlet.DispatcherServlet-Completed initialization in 1 ms
2025-04-14 21:52:06.306 [http-nio-8080-exec-1] INFO  c.e.g.service.impl.XlsServiceImpl-文件已保存到：C:\Users\26354\IdeaProjects\guowang-waveform-analysis\uploads\院士庭超充站.xls
2025-04-14 21:52:06.557 [http-nio-8080-exec-1] ERROR com.alibaba.excel.metadata.format.DataFormatter-Formatting failed for format #,##0.00,\ \k, falling back
java.lang.IllegalArgumentException: Malformed pattern "#,##0.00, k"
	at java.base/java.text.DecimalFormat.applyPattern(DecimalFormat.java:3591)
	at java.base/java.text.DecimalFormat.<init>(DecimalFormat.java:466)
	at com.alibaba.excel.metadata.format.DataFormatter$InternalDecimalFormatWithScale.<init>(DataFormatter.java:524)
	at com.alibaba.excel.metadata.format.DataFormatter.createNumberFormat(DataFormatter.java:587)
	at com.alibaba.excel.metadata.format.DataFormatter.createFormat(DataFormatter.java:320)
	at com.alibaba.excel.metadata.format.DataFormatter.getFormat(DataFormatter.java:241)
	at com.alibaba.excel.metadata.format.DataFormatter.getFormattedNumberString(DataFormatter.java:650)
	at com.alibaba.excel.metadata.format.DataFormatter.format(DataFormatter.java:666)
	at com.alibaba.excel.util.NumberDataFormatterUtils.format(NumberDataFormatterUtils.java:57)
	at com.alibaba.excel.util.NumberDataFormatterUtils.format(NumberDataFormatterUtils.java:35)
	at com.alibaba.excel.converters.string.StringNumberConverter.convertToJavaData(StringNumberConverter.java:53)
	at com.alibaba.excel.converters.string.StringNumberConverter.convertToJavaData(StringNumberConverter.java:23)
	at com.alibaba.excel.converters.Converter.convertToJavaData(Converter.java:57)
	at com.alibaba.excel.util.ConverterUtils.doConvertToJavaObject(ConverterUtils.java:181)
	at com.alibaba.excel.util.ConverterUtils.convertToJavaObject(ConverterUtils.java:121)
	at com.alibaba.excel.util.ConverterUtils.convertToJavaObject(ConverterUtils.java:87)
	at com.alibaba.excel.read.listener.ModelBuildEventListener.buildNoModel(ModelBuildEventListener.java:60)
	at com.alibaba.excel.read.listener.ModelBuildEventListener.invoke(ModelBuildEventListener.java:40)
	at com.alibaba.excel.read.listener.ModelBuildEventListener.invoke(ModelBuildEventListener.java:30)
	at com.alibaba.excel.read.processor.DefaultAnalysisEventProcessor.dealData(DefaultAnalysisEventProcessor.java:109)
	at com.alibaba.excel.read.processor.DefaultAnalysisEventProcessor.endRow(DefaultAnalysisEventProcessor.java:50)
	at com.alibaba.excel.analysis.v03.handlers.DummyRecordHandler.processRecord(DummyRecordHandler.java:32)
	at com.alibaba.excel.analysis.v03.XlsSaxAnalyser.processRecord(XlsSaxAnalyser.java:167)
	at org.apache.poi.hssf.eventusermodel.MissingRecordAwareHSSFListener.processRecord(MissingRecordAwareHSSFListener.java:155)
	at org.apache.poi.hssf.eventusermodel.FormatTrackingHSSFListener.processRecord(FormatTrackingHSSFListener.java:94)
	at org.apache.poi.hssf.eventusermodel.HSSFRequest.processRecord(HSSFRequest.java:104)
	at org.apache.poi.hssf.eventusermodel.HSSFEventFactory.genericProcessEvents(HSSFEventFactory.java:174)
	at org.apache.poi.hssf.eventusermodel.HSSFEventFactory.processEvents(HSSFEventFactory.java:131)
	at org.apache.poi.hssf.eventusermodel.HSSFEventFactory.processWorkbookEvents(HSSFEventFactory.java:82)
	at org.apache.poi.hssf.eventusermodel.HSSFEventFactory.processWorkbookEvents(HSSFEventFactory.java:56)
	at com.alibaba.excel.analysis.v03.XlsSaxAnalyser.execute(XlsSaxAnalyser.java:141)
	at com.alibaba.excel.analysis.ExcelAnalyserImpl.analysis(ExcelAnalyserImpl.java:124)
	at com.alibaba.excel.ExcelReader.read(ExcelReader.java:66)
	at com.alibaba.excel.ExcelReader.read(ExcelReader.java:56)
	at com.alibaba.excel.read.builder.ExcelReaderSheetBuilder.doRead(ExcelReaderSheetBuilder.java:65)
	at com.example.guowangwaveformanalysis.service.impl.XlsServiceImpl.readExcelSheet(XlsServiceImpl.java:110)
	at com.example.guowangwaveformanalysis.service.impl.XlsServiceImpl.generateWordDocument(XlsServiceImpl.java:75)
	at com.example.guowangwaveformanalysis.service.impl.XlsServiceImpl.processExcelFile(XlsServiceImpl.java:51)
	at com.example.guowangwaveformanalysis.controller.XlsController.upload(XlsController.java:41)
	at java.base/jdk.internal.reflect.NativeMethodAccessorImpl.invoke0(Native Method)
	at java.base/jdk.internal.reflect.NativeMethodAccessorImpl.invoke(NativeMethodAccessorImpl.java:77)
	at java.base/jdk.internal.reflect.DelegatingMethodAccessorImpl.invoke(DelegatingMethodAccessorImpl.java:43)
	at java.base/java.lang.reflect.Method.invoke(Method.java:569)
	at org.springframework.web.method.support.InvocableHandlerMethod.doInvoke(InvocableHandlerMethod.java:207)
	at org.springframework.web.method.support.InvocableHandlerMethod.invokeForRequest(InvocableHandlerMethod.java:152)
	at org.springframework.web.servlet.mvc.method.annotation.ServletInvocableHandlerMethod.invokeAndHandle(ServletInvocableHandlerMethod.java:117)
	at org.springframework.web.servlet.mvc.method.annotation.RequestMappingHandlerAdapter.invokeHandlerMethod(RequestMappingHandlerAdapter.java:884)
	at org.springframework.web.servlet.mvc.method.annotation.RequestMappingHandlerAdapter.handleInternal(RequestMappingHandlerAdapter.java:797)
	at org.springframework.web.servlet.mvc.method.AbstractHandlerMethodAdapter.handle(AbstractHandlerMethodAdapter.java:87)
	at org.springframework.web.servlet.DispatcherServlet.doDispatch(DispatcherServlet.java:1080)
	at org.springframework.web.servlet.DispatcherServlet.doService(DispatcherServlet.java:973)
	at org.springframework.web.servlet.FrameworkServlet.processRequest(FrameworkServlet.java:1011)
	at org.springframework.web.servlet.FrameworkServlet.doPost(FrameworkServlet.java:914)
	at jakarta.servlet.http.HttpServlet.service(HttpServlet.java:731)
	at org.springframework.web.servlet.FrameworkServlet.service(FrameworkServlet.java:885)
	at jakarta.servlet.http.HttpServlet.service(HttpServlet.java:814)
	at org.apache.catalina.core.ApplicationFilterChain.internalDoFilter(ApplicationFilterChain.java:223)
	at org.apache.catalina.core.ApplicationFilterChain.doFilter(ApplicationFilterChain.java:158)
	at org.apache.tomcat.websocket.server.WsFilter.doFilter(WsFilter.java:53)
	at org.apache.catalina.core.ApplicationFilterChain.internalDoFilter(ApplicationFilterChain.java:185)
	at org.apache.catalina.core.ApplicationFilterChain.doFilter(ApplicationFilterChain.java:158)
	at org.springframework.web.filter.RequestContextFilter.doFilterInternal(RequestContextFilter.java:100)
	at org.springframework.web.filter.OncePerRequestFilter.doFilter(OncePerRequestFilter.java:116)
	at org.apache.catalina.core.ApplicationFilterChain.internalDoFilter(ApplicationFilterChain.java:185)
	at org.apache.catalina.core.ApplicationFilterChain.doFilter(ApplicationFilterChain.java:158)
	at org.springframework.web.filter.FormContentFilter.doFilterInternal(FormContentFilter.java:93)
	at org.springframework.web.filter.OncePerRequestFilter.doFilter(OncePerRequestFilter.java:116)
	at org.apache.catalina.core.ApplicationFilterChain.internalDoFilter(ApplicationFilterChain.java:185)
	at org.apache.catalina.core.ApplicationFilterChain.doFilter(ApplicationFilterChain.java:158)
	at org.springframework.web.filter.CharacterEncodingFilter.doFilterInternal(CharacterEncodingFilter.java:201)
	at org.springframework.web.filter.OncePerRequestFilter.doFilter(OncePerRequestFilter.java:116)
	at org.apache.catalina.core.ApplicationFilterChain.internalDoFilter(ApplicationFilterChain.java:185)
	at org.apache.catalina.core.ApplicationFilterChain.doFilter(ApplicationFilterChain.java:158)
	at org.apache.catalina.core.StandardWrapperValve.invoke(StandardWrapperValve.java:177)
	at org.apache.catalina.core.StandardContextValve.invoke(StandardContextValve.java:97)
	at org.apache.catalina.authenticator.AuthenticatorBase.invoke(AuthenticatorBase.java:542)
	at org.apache.catalina.core.StandardHostValve.invoke(StandardHostValve.java:119)
	at org.apache.catalina.valves.ErrorReportValve.invoke(ErrorReportValve.java:92)
	at org.apache.catalina.core.StandardEngineValve.invoke(StandardEngineValve.java:78)
	at org.apache.catalina.connector.CoyoteAdapter.service(CoyoteAdapter.java:357)
	at org.apache.coyote.http11.Http11Processor.service(Http11Processor.java:400)
	at org.apache.coyote.AbstractProcessorLight.process(AbstractProcessorLight.java:65)
	at org.apache.coyote.AbstractProtocol$ConnectionHandler.process(AbstractProtocol.java:859)
	at org.apache.tomcat.util.net.NioEndpoint$SocketProcessor.doRun(NioEndpoint.java:1734)
	at org.apache.tomcat.util.net.SocketProcessorBase.run(SocketProcessorBase.java:52)
	at org.apache.tomcat.util.threads.ThreadPoolExecutor.runWorker(ThreadPoolExecutor.java:1191)
	at org.apache.tomcat.util.threads.ThreadPoolExecutor$Worker.run(ThreadPoolExecutor.java:659)
	at org.apache.tomcat.util.threads.TaskThread$WrappingRunnable.run(TaskThread.java:61)
	at java.base/java.lang.Thread.run(Thread.java:840)
2025-04-14 21:52:06.605 [http-nio-8080-exec-1] ERROR com.alibaba.excel.metadata.format.DataFormatter-Formatting failed for format #,##0.00,\ \k, falling back
java.lang.IllegalArgumentException: Malformed pattern "#,##0.00, k"
	at java.base/java.text.DecimalFormat.applyPattern(DecimalFormat.java:3591)
	at java.base/java.text.DecimalFormat.<init>(DecimalFormat.java:466)
	at com.alibaba.excel.metadata.format.DataFormatter$InternalDecimalFormatWithScale.<init>(DataFormatter.java:524)
	at com.alibaba.excel.metadata.format.DataFormatter.createNumberFormat(DataFormatter.java:587)
	at com.alibaba.excel.metadata.format.DataFormatter.createFormat(DataFormatter.java:320)
	at com.alibaba.excel.metadata.format.DataFormatter.getFormat(DataFormatter.java:241)
	at com.alibaba.excel.metadata.format.DataFormatter.getFormattedNumberString(DataFormatter.java:650)
	at com.alibaba.excel.metadata.format.DataFormatter.format(DataFormatter.java:666)
	at com.alibaba.excel.util.NumberDataFormatterUtils.format(NumberDataFormatterUtils.java:57)
	at com.alibaba.excel.util.NumberDataFormatterUtils.format(NumberDataFormatterUtils.java:35)
	at com.alibaba.excel.converters.string.StringNumberConverter.convertToJavaData(StringNumberConverter.java:53)
	at com.alibaba.excel.converters.string.StringNumberConverter.convertToJavaData(StringNumberConverter.java:23)
	at com.alibaba.excel.converters.Converter.convertToJavaData(Converter.java:57)
	at com.alibaba.excel.util.ConverterUtils.doConvertToJavaObject(ConverterUtils.java:181)
	at com.alibaba.excel.util.ConverterUtils.convertToJavaObject(ConverterUtils.java:121)
	at com.alibaba.excel.util.ConverterUtils.convertToJavaObject(ConverterUtils.java:87)
	at com.alibaba.excel.read.listener.ModelBuildEventListener.buildNoModel(ModelBuildEventListener.java:60)
	at com.alibaba.excel.read.listener.ModelBuildEventListener.invoke(ModelBuildEventListener.java:40)
	at com.alibaba.excel.read.listener.ModelBuildEventListener.invoke(ModelBuildEventListener.java:30)
	at com.alibaba.excel.read.processor.DefaultAnalysisEventProcessor.dealData(DefaultAnalysisEventProcessor.java:109)
	at com.alibaba.excel.read.processor.DefaultAnalysisEventProcessor.endRow(DefaultAnalysisEventProcessor.java:50)
	at com.alibaba.excel.analysis.v03.handlers.DummyRecordHandler.processRecord(DummyRecordHandler.java:32)
	at com.alibaba.excel.analysis.v03.XlsSaxAnalyser.processRecord(XlsSaxAnalyser.java:167)
	at org.apache.poi.hssf.eventusermodel.MissingRecordAwareHSSFListener.processRecord(MissingRecordAwareHSSFListener.java:155)
	at org.apache.poi.hssf.eventusermodel.FormatTrackingHSSFListener.processRecord(FormatTrackingHSSFListener.java:94)
	at org.apache.poi.hssf.eventusermodel.HSSFRequest.processRecord(HSSFRequest.java:104)
	at org.apache.poi.hssf.eventusermodel.HSSFEventFactory.genericProcessEvents(HSSFEventFactory.java:174)
	at org.apache.poi.hssf.eventusermodel.HSSFEventFactory.processEvents(HSSFEventFactory.java:131)
	at org.apache.poi.hssf.eventusermodel.HSSFEventFactory.processWorkbookEvents(HSSFEventFactory.java:82)
	at org.apache.poi.hssf.eventusermodel.HSSFEventFactory.processWorkbookEvents(HSSFEventFactory.java:56)
	at com.alibaba.excel.analysis.v03.XlsSaxAnalyser.execute(XlsSaxAnalyser.java:141)
	at com.alibaba.excel.analysis.ExcelAnalyserImpl.analysis(ExcelAnalyserImpl.java:124)
	at com.alibaba.excel.ExcelReader.read(ExcelReader.java:66)
	at com.alibaba.excel.ExcelReader.read(ExcelReader.java:56)
	at com.alibaba.excel.read.builder.ExcelReaderSheetBuilder.doRead(ExcelReaderSheetBuilder.java:65)
	at com.example.guowangwaveformanalysis.service.impl.XlsServiceImpl.readExcelSheet(XlsServiceImpl.java:110)
	at com.example.guowangwaveformanalysis.service.impl.XlsServiceImpl.generateWordDocument(XlsServiceImpl.java:77)
	at com.example.guowangwaveformanalysis.service.impl.XlsServiceImpl.processExcelFile(XlsServiceImpl.java:51)
	at com.example.guowangwaveformanalysis.controller.XlsController.upload(XlsController.java:41)
	at java.base/jdk.internal.reflect.NativeMethodAccessorImpl.invoke0(Native Method)
	at java.base/jdk.internal.reflect.NativeMethodAccessorImpl.invoke(NativeMethodAccessorImpl.java:77)
	at java.base/jdk.internal.reflect.DelegatingMethodAccessorImpl.invoke(DelegatingMethodAccessorImpl.java:43)
	at java.base/java.lang.reflect.Method.invoke(Method.java:569)
	at org.springframework.web.method.support.InvocableHandlerMethod.doInvoke(InvocableHandlerMethod.java:207)
	at org.springframework.web.method.support.InvocableHandlerMethod.invokeForRequest(InvocableHandlerMethod.java:152)
	at org.springframework.web.servlet.mvc.method.annotation.ServletInvocableHandlerMethod.invokeAndHandle(ServletInvocableHandlerMethod.java:117)
	at org.springframework.web.servlet.mvc.method.annotation.RequestMappingHandlerAdapter.invokeHandlerMethod(RequestMappingHandlerAdapter.java:884)
	at org.springframework.web.servlet.mvc.method.annotation.RequestMappingHandlerAdapter.handleInternal(RequestMappingHandlerAdapter.java:797)
	at org.springframework.web.servlet.mvc.method.AbstractHandlerMethodAdapter.handle(AbstractHandlerMethodAdapter.java:87)
	at org.springframework.web.servlet.DispatcherServlet.doDispatch(DispatcherServlet.java:1080)
	at org.springframework.web.servlet.DispatcherServlet.doService(DispatcherServlet.java:973)
	at org.springframework.web.servlet.FrameworkServlet.processRequest(FrameworkServlet.java:1011)
	at org.springframework.web.servlet.FrameworkServlet.doPost(FrameworkServlet.java:914)
	at jakarta.servlet.http.HttpServlet.service(HttpServlet.java:731)
	at org.springframework.web.servlet.FrameworkServlet.service(FrameworkServlet.java:885)
	at jakarta.servlet.http.HttpServlet.service(HttpServlet.java:814)
	at org.apache.catalina.core.ApplicationFilterChain.internalDoFilter(ApplicationFilterChain.java:223)
	at org.apache.catalina.core.ApplicationFilterChain.doFilter(ApplicationFilterChain.java:158)
	at org.apache.tomcat.websocket.server.WsFilter.doFilter(WsFilter.java:53)
	at org.apache.catalina.core.ApplicationFilterChain.internalDoFilter(ApplicationFilterChain.java:185)
	at org.apache.catalina.core.ApplicationFilterChain.doFilter(ApplicationFilterChain.java:158)
	at org.springframework.web.filter.RequestContextFilter.doFilterInternal(RequestContextFilter.java:100)
	at org.springframework.web.filter.OncePerRequestFilter.doFilter(OncePerRequestFilter.java:116)
	at org.apache.catalina.core.ApplicationFilterChain.internalDoFilter(ApplicationFilterChain.java:185)
	at org.apache.catalina.core.ApplicationFilterChain.doFilter(ApplicationFilterChain.java:158)
	at org.springframework.web.filter.FormContentFilter.doFilterInternal(FormContentFilter.java:93)
	at org.springframework.web.filter.OncePerRequestFilter.doFilter(OncePerRequestFilter.java:116)
	at org.apache.catalina.core.ApplicationFilterChain.internalDoFilter(ApplicationFilterChain.java:185)
	at org.apache.catalina.core.ApplicationFilterChain.doFilter(ApplicationFilterChain.java:158)
	at org.springframework.web.filter.CharacterEncodingFilter.doFilterInternal(CharacterEncodingFilter.java:201)
	at org.springframework.web.filter.OncePerRequestFilter.doFilter(OncePerRequestFilter.java:116)
	at org.apache.catalina.core.ApplicationFilterChain.internalDoFilter(ApplicationFilterChain.java:185)
	at org.apache.catalina.core.ApplicationFilterChain.doFilter(ApplicationFilterChain.java:158)
	at org.apache.catalina.core.StandardWrapperValve.invoke(StandardWrapperValve.java:177)
	at org.apache.catalina.core.StandardContextValve.invoke(StandardContextValve.java:97)
	at org.apache.catalina.authenticator.AuthenticatorBase.invoke(AuthenticatorBase.java:542)
	at org.apache.catalina.core.StandardHostValve.invoke(StandardHostValve.java:119)
	at org.apache.catalina.valves.ErrorReportValve.invoke(ErrorReportValve.java:92)
	at org.apache.catalina.core.StandardEngineValve.invoke(StandardEngineValve.java:78)
	at org.apache.catalina.connector.CoyoteAdapter.service(CoyoteAdapter.java:357)
	at org.apache.coyote.http11.Http11Processor.service(Http11Processor.java:400)
	at org.apache.coyote.AbstractProcessorLight.process(AbstractProcessorLight.java:65)
	at org.apache.coyote.AbstractProtocol$ConnectionHandler.process(AbstractProtocol.java:859)
	at org.apache.tomcat.util.net.NioEndpoint$SocketProcessor.doRun(NioEndpoint.java:1734)
	at org.apache.tomcat.util.net.SocketProcessorBase.run(SocketProcessorBase.java:52)
	at org.apache.tomcat.util.threads.ThreadPoolExecutor.runWorker(ThreadPoolExecutor.java:1191)
	at org.apache.tomcat.util.threads.ThreadPoolExecutor$Worker.run(ThreadPoolExecutor.java:659)
	at org.apache.tomcat.util.threads.TaskThread$WrappingRunnable.run(TaskThread.java:61)
	at java.base/java.lang.Thread.run(Thread.java:840)
2025-04-14 21:52:06.607 [http-nio-8080-exec-1] ERROR com.alibaba.excel.metadata.format.DataFormatter-Formatting failed for format #,##0.00,,\ \M, falling back
java.lang.IllegalArgumentException: Malformed pattern "#,##0.00,, M"
	at java.base/java.text.DecimalFormat.applyPattern(DecimalFormat.java:3591)
	at java.base/java.text.DecimalFormat.<init>(DecimalFormat.java:466)
	at com.alibaba.excel.metadata.format.DataFormatter$InternalDecimalFormatWithScale.<init>(DataFormatter.java:524)
	at com.alibaba.excel.metadata.format.DataFormatter.createNumberFormat(DataFormatter.java:587)
	at com.alibaba.excel.metadata.format.DataFormatter.createFormat(DataFormatter.java:320)
	at com.alibaba.excel.metadata.format.DataFormatter.getFormat(DataFormatter.java:241)
	at com.alibaba.excel.metadata.format.DataFormatter.getFormattedNumberString(DataFormatter.java:650)
	at com.alibaba.excel.metadata.format.DataFormatter.format(DataFormatter.java:666)
	at com.alibaba.excel.util.NumberDataFormatterUtils.format(NumberDataFormatterUtils.java:57)
	at com.alibaba.excel.util.NumberDataFormatterUtils.format(NumberDataFormatterUtils.java:35)
	at com.alibaba.excel.converters.string.StringNumberConverter.convertToJavaData(StringNumberConverter.java:53)
	at com.alibaba.excel.converters.string.StringNumberConverter.convertToJavaData(StringNumberConverter.java:23)
	at com.alibaba.excel.converters.Converter.convertToJavaData(Converter.java:57)
	at com.alibaba.excel.util.ConverterUtils.doConvertToJavaObject(ConverterUtils.java:181)
	at com.alibaba.excel.util.ConverterUtils.convertToJavaObject(ConverterUtils.java:121)
	at com.alibaba.excel.util.ConverterUtils.convertToJavaObject(ConverterUtils.java:87)
	at com.alibaba.excel.read.listener.ModelBuildEventListener.buildNoModel(ModelBuildEventListener.java:60)
	at com.alibaba.excel.read.listener.ModelBuildEventListener.invoke(ModelBuildEventListener.java:40)
	at com.alibaba.excel.read.listener.ModelBuildEventListener.invoke(ModelBuildEventListener.java:30)
	at com.alibaba.excel.read.processor.DefaultAnalysisEventProcessor.dealData(DefaultAnalysisEventProcessor.java:109)
	at com.alibaba.excel.read.processor.DefaultAnalysisEventProcessor.endRow(DefaultAnalysisEventProcessor.java:50)
	at com.alibaba.excel.analysis.v03.handlers.DummyRecordHandler.processRecord(DummyRecordHandler.java:32)
	at com.alibaba.excel.analysis.v03.XlsSaxAnalyser.processRecord(XlsSaxAnalyser.java:167)
	at org.apache.poi.hssf.eventusermodel.MissingRecordAwareHSSFListener.processRecord(MissingRecordAwareHSSFListener.java:155)
	at org.apache.poi.hssf.eventusermodel.FormatTrackingHSSFListener.processRecord(FormatTrackingHSSFListener.java:94)
	at org.apache.poi.hssf.eventusermodel.HSSFRequest.processRecord(HSSFRequest.java:104)
	at org.apache.poi.hssf.eventusermodel.HSSFEventFactory.genericProcessEvents(HSSFEventFactory.java:174)
	at org.apache.poi.hssf.eventusermodel.HSSFEventFactory.processEvents(HSSFEventFactory.java:131)
	at org.apache.poi.hssf.eventusermodel.HSSFEventFactory.processWorkbookEvents(HSSFEventFactory.java:82)
	at org.apache.poi.hssf.eventusermodel.HSSFEventFactory.processWorkbookEvents(HSSFEventFactory.java:56)
	at com.alibaba.excel.analysis.v03.XlsSaxAnalyser.execute(XlsSaxAnalyser.java:141)
	at com.alibaba.excel.analysis.ExcelAnalyserImpl.analysis(ExcelAnalyserImpl.java:124)
	at com.alibaba.excel.ExcelReader.read(ExcelReader.java:66)
	at com.alibaba.excel.ExcelReader.read(ExcelReader.java:56)
	at com.alibaba.excel.read.builder.ExcelReaderSheetBuilder.doRead(ExcelReaderSheetBuilder.java:65)
	at com.example.guowangwaveformanalysis.service.impl.XlsServiceImpl.readExcelSheet(XlsServiceImpl.java:110)
	at com.example.guowangwaveformanalysis.service.impl.XlsServiceImpl.generateWordDocument(XlsServiceImpl.java:77)
	at com.example.guowangwaveformanalysis.service.impl.XlsServiceImpl.processExcelFile(XlsServiceImpl.java:51)
	at com.example.guowangwaveformanalysis.controller.XlsController.upload(XlsController.java:41)
	at java.base/jdk.internal.reflect.NativeMethodAccessorImpl.invoke0(Native Method)
	at java.base/jdk.internal.reflect.NativeMethodAccessorImpl.invoke(NativeMethodAccessorImpl.java:77)
	at java.base/jdk.internal.reflect.DelegatingMethodAccessorImpl.invoke(DelegatingMethodAccessorImpl.java:43)
	at java.base/java.lang.reflect.Method.invoke(Method.java:569)
	at org.springframework.web.method.support.InvocableHandlerMethod.doInvoke(InvocableHandlerMethod.java:207)
	at org.springframework.web.method.support.InvocableHandlerMethod.invokeForRequest(InvocableHandlerMethod.java:152)
	at org.springframework.web.servlet.mvc.method.annotation.ServletInvocableHandlerMethod.invokeAndHandle(ServletInvocableHandlerMethod.java:117)
	at org.springframework.web.servlet.mvc.method.annotation.RequestMappingHandlerAdapter.invokeHandlerMethod(RequestMappingHandlerAdapter.java:884)
	at org.springframework.web.servlet.mvc.method.annotation.RequestMappingHandlerAdapter.handleInternal(RequestMappingHandlerAdapter.java:797)
	at org.springframework.web.servlet.mvc.method.AbstractHandlerMethodAdapter.handle(AbstractHandlerMethodAdapter.java:87)
	at org.springframework.web.servlet.DispatcherServlet.doDispatch(DispatcherServlet.java:1080)
	at org.springframework.web.servlet.DispatcherServlet.doService(DispatcherServlet.java:973)
	at org.springframework.web.servlet.FrameworkServlet.processRequest(FrameworkServlet.java:1011)
	at org.springframework.web.servlet.FrameworkServlet.doPost(FrameworkServlet.java:914)
	at jakarta.servlet.http.HttpServlet.service(HttpServlet.java:731)
	at org.springframework.web.servlet.FrameworkServlet.service(FrameworkServlet.java:885)
	at jakarta.servlet.http.HttpServlet.service(HttpServlet.java:814)
	at org.apache.catalina.core.ApplicationFilterChain.internalDoFilter(ApplicationFilterChain.java:223)
	at org.apache.catalina.core.ApplicationFilterChain.doFilter(ApplicationFilterChain.java:158)
	at org.apache.tomcat.websocket.server.WsFilter.doFilter(WsFilter.java:53)
	at org.apache.catalina.core.ApplicationFilterChain.internalDoFilter(ApplicationFilterChain.java:185)
	at org.apache.catalina.core.ApplicationFilterChain.doFilter(ApplicationFilterChain.java:158)
	at org.springframework.web.filter.RequestContextFilter.doFilterInternal(RequestContextFilter.java:100)
	at org.springframework.web.filter.OncePerRequestFilter.doFilter(OncePerRequestFilter.java:116)
	at org.apache.catalina.core.ApplicationFilterChain.internalDoFilter(ApplicationFilterChain.java:185)
	at org.apache.catalina.core.ApplicationFilterChain.doFilter(ApplicationFilterChain.java:158)
	at org.springframework.web.filter.FormContentFilter.doFilterInternal(FormContentFilter.java:93)
	at org.springframework.web.filter.OncePerRequestFilter.doFilter(OncePerRequestFilter.java:116)
	at org.apache.catalina.core.ApplicationFilterChain.internalDoFilter(ApplicationFilterChain.java:185)
	at org.apache.catalina.core.ApplicationFilterChain.doFilter(ApplicationFilterChain.java:158)
	at org.springframework.web.filter.CharacterEncodingFilter.doFilterInternal(CharacterEncodingFilter.java:201)
	at org.springframework.web.filter.OncePerRequestFilter.doFilter(OncePerRequestFilter.java:116)
	at org.apache.catalina.core.ApplicationFilterChain.internalDoFilter(ApplicationFilterChain.java:185)
	at org.apache.catalina.core.ApplicationFilterChain.doFilter(ApplicationFilterChain.java:158)
	at org.apache.catalina.core.StandardWrapperValve.invoke(StandardWrapperValve.java:177)
	at org.apache.catalina.core.StandardContextValve.invoke(StandardContextValve.java:97)
	at org.apache.catalina.authenticator.AuthenticatorBase.invoke(AuthenticatorBase.java:542)
	at org.apache.catalina.core.StandardHostValve.invoke(StandardHostValve.java:119)
	at org.apache.catalina.valves.ErrorReportValve.invoke(ErrorReportValve.java:92)
	at org.apache.catalina.core.StandardEngineValve.invoke(StandardEngineValve.java:78)
	at org.apache.catalina.connector.CoyoteAdapter.service(CoyoteAdapter.java:357)
	at org.apache.coyote.http11.Http11Processor.service(Http11Processor.java:400)
	at org.apache.coyote.AbstractProcessorLight.process(AbstractProcessorLight.java:65)
	at org.apache.coyote.AbstractProtocol$ConnectionHandler.process(AbstractProtocol.java:859)
	at org.apache.tomcat.util.net.NioEndpoint$SocketProcessor.doRun(NioEndpoint.java:1734)
	at org.apache.tomcat.util.net.SocketProcessorBase.run(SocketProcessorBase.java:52)
	at org.apache.tomcat.util.threads.ThreadPoolExecutor.runWorker(ThreadPoolExecutor.java:1191)
	at org.apache.tomcat.util.threads.ThreadPoolExecutor$Worker.run(ThreadPoolExecutor.java:659)
	at org.apache.tomcat.util.threads.TaskThread$WrappingRunnable.run(TaskThread.java:61)
	at java.base/java.lang.Thread.run(Thread.java:840)
2025-04-14 21:52:06.822 [http-nio-8080-exec-1] ERROR c.e.g.service.impl.XlsServiceImpl-处理文件时发生异常: Index 1 out of bounds for length 0
java.lang.IndexOutOfBoundsException: Index 1 out of bounds for length 0
	at java.base/jdk.internal.util.Preconditions.outOfBounds(Preconditions.java:64)
	at java.base/jdk.internal.util.Preconditions.outOfBoundsCheckIndex(Preconditions.java:70)
	at java.base/jdk.internal.util.Preconditions.checkIndex(Preconditions.java:266)
	at java.base/java.util.Objects.checkIndex(Objects.java:361)
	at java.base/java.util.ArrayList.get(ArrayList.java:427)
	at com.example.guowangwaveformanalysis.service.impl.XlsServiceImpl.addVoltageHarmonicTable(XlsServiceImpl.java:117)
	at com.example.guowangwaveformanalysis.service.impl.XlsServiceImpl.generateWordDocument(XlsServiceImpl.java:83)
	at com.example.guowangwaveformanalysis.service.impl.XlsServiceImpl.processExcelFile(XlsServiceImpl.java:51)
	at com.example.guowangwaveformanalysis.controller.XlsController.upload(XlsController.java:41)
	at java.base/jdk.internal.reflect.NativeMethodAccessorImpl.invoke0(Native Method)
	at java.base/jdk.internal.reflect.NativeMethodAccessorImpl.invoke(NativeMethodAccessorImpl.java:77)
	at java.base/jdk.internal.reflect.DelegatingMethodAccessorImpl.invoke(DelegatingMethodAccessorImpl.java:43)
	at java.base/java.lang.reflect.Method.invoke(Method.java:569)
	at org.springframework.web.method.support.InvocableHandlerMethod.doInvoke(InvocableHandlerMethod.java:207)
	at org.springframework.web.method.support.InvocableHandlerMethod.invokeForRequest(InvocableHandlerMethod.java:152)
	at org.springframework.web.servlet.mvc.method.annotation.ServletInvocableHandlerMethod.invokeAndHandle(ServletInvocableHandlerMethod.java:117)
	at org.springframework.web.servlet.mvc.method.annotation.RequestMappingHandlerAdapter.invokeHandlerMethod(RequestMappingHandlerAdapter.java:884)
	at org.springframework.web.servlet.mvc.method.annotation.RequestMappingHandlerAdapter.handleInternal(RequestMappingHandlerAdapter.java:797)
	at org.springframework.web.servlet.mvc.method.AbstractHandlerMethodAdapter.handle(AbstractHandlerMethodAdapter.java:87)
	at org.springframework.web.servlet.DispatcherServlet.doDispatch(DispatcherServlet.java:1080)
	at org.springframework.web.servlet.DispatcherServlet.doService(DispatcherServlet.java:973)
	at org.springframework.web.servlet.FrameworkServlet.processRequest(FrameworkServlet.java:1011)
	at org.springframework.web.servlet.FrameworkServlet.doPost(FrameworkServlet.java:914)
	at jakarta.servlet.http.HttpServlet.service(HttpServlet.java:731)
	at org.springframework.web.servlet.FrameworkServlet.service(FrameworkServlet.java:885)
	at jakarta.servlet.http.HttpServlet.service(HttpServlet.java:814)
	at org.apache.catalina.core.ApplicationFilterChain.internalDoFilter(ApplicationFilterChain.java:223)
	at org.apache.catalina.core.ApplicationFilterChain.doFilter(ApplicationFilterChain.java:158)
	at org.apache.tomcat.websocket.server.WsFilter.doFilter(WsFilter.java:53)
	at org.apache.catalina.core.ApplicationFilterChain.internalDoFilter(ApplicationFilterChain.java:185)
	at org.apache.catalina.core.ApplicationFilterChain.doFilter(ApplicationFilterChain.java:158)
	at org.springframework.web.filter.RequestContextFilter.doFilterInternal(RequestContextFilter.java:100)
	at org.springframework.web.filter.OncePerRequestFilter.doFilter(OncePerRequestFilter.java:116)
	at org.apache.catalina.core.ApplicationFilterChain.internalDoFilter(ApplicationFilterChain.java:185)
	at org.apache.catalina.core.ApplicationFilterChain.doFilter(ApplicationFilterChain.java:158)
	at org.springframework.web.filter.FormContentFilter.doFilterInternal(FormContentFilter.java:93)
	at org.springframework.web.filter.OncePerRequestFilter.doFilter(OncePerRequestFilter.java:116)
	at org.apache.catalina.core.ApplicationFilterChain.internalDoFilter(ApplicationFilterChain.java:185)
	at org.apache.catalina.core.ApplicationFilterChain.doFilter(ApplicationFilterChain.java:158)
	at org.springframework.web.filter.CharacterEncodingFilter.doFilterInternal(CharacterEncodingFilter.java:201)
	at org.springframework.web.filter.OncePerRequestFilter.doFilter(OncePerRequestFilter.java:116)
	at org.apache.catalina.core.ApplicationFilterChain.internalDoFilter(ApplicationFilterChain.java:185)
	at org.apache.catalina.core.ApplicationFilterChain.doFilter(ApplicationFilterChain.java:158)
	at org.apache.catalina.core.StandardWrapperValve.invoke(StandardWrapperValve.java:177)
	at org.apache.catalina.core.StandardContextValve.invoke(StandardContextValve.java:97)
	at org.apache.catalina.authenticator.AuthenticatorBase.invoke(AuthenticatorBase.java:542)
	at org.apache.catalina.core.StandardHostValve.invoke(StandardHostValve.java:119)
	at org.apache.catalina.valves.ErrorReportValve.invoke(ErrorReportValve.java:92)
	at org.apache.catalina.core.StandardEngineValve.invoke(StandardEngineValve.java:78)
	at org.apache.catalina.connector.CoyoteAdapter.service(CoyoteAdapter.java:357)
	at org.apache.coyote.http11.Http11Processor.service(Http11Processor.java:400)
	at org.apache.coyote.AbstractProcessorLight.process(AbstractProcessorLight.java:65)
	at org.apache.coyote.AbstractProtocol$ConnectionHandler.process(AbstractProtocol.java:859)
	at org.apache.tomcat.util.net.NioEndpoint$SocketProcessor.doRun(NioEndpoint.java:1734)
	at org.apache.tomcat.util.net.SocketProcessorBase.run(SocketProcessorBase.java:52)
	at org.apache.tomcat.util.threads.ThreadPoolExecutor.runWorker(ThreadPoolExecutor.java:1191)
	at org.apache.tomcat.util.threads.ThreadPoolExecutor$Worker.run(ThreadPoolExecutor.java:659)
	at org.apache.tomcat.util.threads.TaskThread$WrappingRunnable.run(TaskThread.java:61)
	at java.base/java.lang.Thread.run(Thread.java:840)
